The system is: Linux - 3.10.0-1160.36.2.el7.x86_64 - x86_64
Compiling the C compiler identification source file "CMakeCCompilerId.c" succeeded.
Compiler: /usr/local/es7/bin/cc 
Build flags: 
Id flags: 

The output was:
0


Compilation of the C compiler identification source "CMakeCCompilerId.c" produced "a.out"

The C compiler identification is GNU, found in "/tmp/tmp.aJSf6qf3mu/cmake-build-smu-genuse/CMakeFiles/2.8.12.2/CompilerIdC/a.out"

Compiling the CXX compiler identification source file "CMakeCXXCompilerId.cpp" succeeded.
Compiler: /usr/local/es7/bin/c++ 
Build flags: 
Id flags: 

The output was:
0


Compilation of the CXX compiler identification source "CMakeCXXCompilerId.cpp" produced "a.out"

The CXX compiler identification is GNU, found in "/tmp/tmp.aJSf6qf3mu/cmake-build-smu-genuse/CMakeFiles/2.8.12.2/CompilerIdCXX/a.out"

Determining if the C compiler works passed with the following output:
Change Dir: /tmp/tmp.aJSf6qf3mu/cmake-build-smu-genuse/CMakeFiles/CMakeTmp

Run Build Command:/usr/bin/gmake "cmTryCompileExec745831961/fast"
/usr/bin/gmake -f CMakeFiles/cmTryCompileExec745831961.dir/build.make CMakeFiles/cmTryCompileExec745831961.dir/build
gmake[1]: Entering directory `/tmp/tmp.aJSf6qf3mu/cmake-build-smu-genuse/CMakeFiles/CMakeTmp'
/usr/bin/cmake -E cmake_progress_report /tmp/tmp.aJSf6qf3mu/cmake-build-smu-genuse/CMakeFiles/CMakeTmp/CMakeFiles 1
Building C object CMakeFiles/cmTryCompileExec745831961.dir/testCCompiler.c.o
/usr/local/es7/bin/cc    -o CMakeFiles/cmTryCompileExec745831961.dir/testCCompiler.c.o   -c /tmp/tmp.aJSf6qf3mu/cmake-build-smu-genuse/CMakeFiles/CMakeTmp/testCCompiler.c
Linking C executable cmTryCompileExec745831961
/usr/bin/cmake -E cmake_link_script CMakeFiles/cmTryCompileExec745831961.dir/link.txt --verbose=1
/usr/local/es7/bin/cc       CMakeFiles/cmTryCompileExec745831961.dir/testCCompiler.c.o  -o cmTryCompileExec745831961 -rdynamic 
gmake[1]: Leaving directory `/tmp/tmp.aJSf6qf3mu/cmake-build-smu-genuse/CMakeFiles/CMakeTmp'


Detecting C compiler ABI info compiled with the following output:
Change Dir: /tmp/tmp.aJSf6qf3mu/cmake-build-smu-genuse/CMakeFiles/CMakeTmp

Run Build Command:/usr/bin/gmake "cmTryCompileExec4085946059/fast"
/usr/bin/gmake -f CMakeFiles/cmTryCompileExec4085946059.dir/build.make CMakeFiles/cmTryCompileExec4085946059.dir/build
gmake[1]: Entering directory `/tmp/tmp.aJSf6qf3mu/cmake-build-smu-genuse/CMakeFiles/CMakeTmp'
/usr/bin/cmake -E cmake_progress_report /tmp/tmp.aJSf6qf3mu/cmake-build-smu-genuse/CMakeFiles/CMakeTmp/CMakeFiles 1
Building C object CMakeFiles/cmTryCompileExec4085946059.dir/CMakeCCompilerABI.c.o
/usr/local/es7/bin/cc    -o CMakeFiles/cmTryCompileExec4085946059.dir/CMakeCCompilerABI.c.o   -c /usr/share/cmake/Modules/CMakeCCompilerABI.c
Linking C executable cmTryCompileExec4085946059
/usr/bin/cmake -E cmake_link_script CMakeFiles/cmTryCompileExec4085946059.dir/link.txt --verbose=1
/usr/local/es7/bin/cc     -v CMakeFiles/cmTryCompileExec4085946059.dir/CMakeCCompilerABI.c.o  -o cmTryCompileExec4085946059 -rdynamic  
Using built-in specs.
COLLECT_GCC=/usr/local/es7/bin/cc
COLLECT_LTO_WRAPPER=/usr/local/es7/libexec/gcc/x86_64-pc-linux-gnu/11.1.0/lto-wrapper
Target: x86_64-pc-linux-gnu
Configured with: ../gcc-11.1.0/configure --prefix=/usr/local/es7
Thread model: posix
Supported LTO compression algorithms: zlib
gcc version 11.1.0 (GCC) 
COMPILER_PATH=/usr/local/es7/libexec/gcc/x86_64-pc-linux-gnu/11.1.0/:/usr/local/es7/libexec/gcc/x86_64-pc-linux-gnu/11.1.0/:/usr/local/es7/libexec/gcc/x86_64-pc-linux-gnu/:/usr/local/es7/lib/gcc/x86_64-pc-linux-gnu/11.1.0/:/usr/local/es7/lib/gcc/x86_64-pc-linux-gnu/
LIBRARY_PATH=/usr/local/es7/lib/gcc/x86_64-pc-linux-gnu/11.1.0/:/usr/local/es7/lib/gcc/x86_64-pc-linux-gnu/11.1.0/../../../../lib64/:/lib/../lib64/:/usr/lib/../lib64/:/usr/local/es7/lib/gcc/x86_64-pc-linux-gnu/11.1.0/../../../:/lib/:/usr/lib/
COLLECT_GCC_OPTIONS='-v' '-o' 'cmTryCompileExec4085946059' '-rdynamic' '-mtune=generic' '-march=x86-64' '-dumpdir' 'cmTryCompileExec4085946059.'
 /usr/local/es7/libexec/gcc/x86_64-pc-linux-gnu/11.1.0/collect2 -plugin /usr/local/es7/libexec/gcc/x86_64-pc-linux-gnu/11.1.0/liblto_plugin.so -plugin-opt=/usr/local/es7/libexec/gcc/x86_64-pc-linux-gnu/11.1.0/lto-wrapper -plugin-opt=-fresolution=/tmp/ccXt2wwP.res -plugin-opt=-pass-through=-lgcc -plugin-opt=-pass-through=-lgcc_s -plugin-opt=-pass-through=-lc -plugin-opt=-pass-through=-lgcc -plugin-opt=-pass-through=-lgcc_s --eh-frame-hdr -m elf_x86_64 -export-dynamic -dynamic-linker /lib64/ld-linux-x86-64.so.2 -o cmTryCompileExec4085946059 /lib/../lib64/crt1.o /lib/../lib64/crti.o /usr/local/es7/lib/gcc/x86_64-pc-linux-gnu/11.1.0/crtbegin.o -L/usr/local/es7/lib/gcc/x86_64-pc-linux-gnu/11.1.0 -L/usr/local/es7/lib/gcc/x86_64-pc-linux-gnu/11.1.0/../../../../lib64 -L/lib/../lib64 -L/usr/lib/../lib64 -L/usr/local/es7/lib/gcc/x86_64-pc-linux-gnu/11.1.0/../../.. CMakeFiles/cmTryCompileExec4085946059.dir/CMakeCCompilerABI.c.o -lgcc --as-needed -lgcc_s --no-as-needed -lc -lgcc --as-needed -lgcc_s --no-as-needed /usr/local/es7/lib/gcc/x86_64-pc-linux-gnu/11.1.0/crtend.o /lib/../lib64/crtn.o
COLLECT_GCC_OPTIONS='-v' '-o' 'cmTryCompileExec4085946059' '-rdynamic' '-mtune=generic' '-march=x86-64' '-dumpdir' 'cmTryCompileExec4085946059.'
gmake[1]: Leaving directory `/tmp/tmp.aJSf6qf3mu/cmake-build-smu-genuse/CMakeFiles/CMakeTmp'


Parsed C implicit link information from above output:
  link line regex: [^( *|.*[/\])(ld|([^/\]+-)?ld|collect2)[^/\]*( |$)]
  ignore line: [Change Dir: /tmp/tmp.aJSf6qf3mu/cmake-build-smu-genuse/CMakeFiles/CMakeTmp]
  ignore line: []
  ignore line: [Run Build Command:/usr/bin/gmake "cmTryCompileExec4085946059/fast"]
  ignore line: [/usr/bin/gmake -f CMakeFiles/cmTryCompileExec4085946059.dir/build.make CMakeFiles/cmTryCompileExec4085946059.dir/build]
  ignore line: [gmake[1]: Entering directory `/tmp/tmp.aJSf6qf3mu/cmake-build-smu-genuse/CMakeFiles/CMakeTmp']
  ignore line: [/usr/bin/cmake -E cmake_progress_report /tmp/tmp.aJSf6qf3mu/cmake-build-smu-genuse/CMakeFiles/CMakeTmp/CMakeFiles 1]
  ignore line: [Building C object CMakeFiles/cmTryCompileExec4085946059.dir/CMakeCCompilerABI.c.o]
  ignore line: [/usr/local/es7/bin/cc    -o CMakeFiles/cmTryCompileExec4085946059.dir/CMakeCCompilerABI.c.o   -c /usr/share/cmake/Modules/CMakeCCompilerABI.c]
  ignore line: [Linking C executable cmTryCompileExec4085946059]
  ignore line: [/usr/bin/cmake -E cmake_link_script CMakeFiles/cmTryCompileExec4085946059.dir/link.txt --verbose=1]
  ignore line: [/usr/local/es7/bin/cc     -v CMakeFiles/cmTryCompileExec4085946059.dir/CMakeCCompilerABI.c.o  -o cmTryCompileExec4085946059 -rdynamic  ]
  ignore line: [Using built-in specs.]
  ignore line: [COLLECT_GCC=/usr/local/es7/bin/cc]
  ignore line: [COLLECT_LTO_WRAPPER=/usr/local/es7/libexec/gcc/x86_64-pc-linux-gnu/11.1.0/lto-wrapper]
  ignore line: [Target: x86_64-pc-linux-gnu]
  ignore line: [Configured with: ../gcc-11.1.0/configure --prefix=/usr/local/es7]
  ignore line: [Thread model: posix]
  ignore line: [Supported LTO compression algorithms: zlib]
  ignore line: [gcc version 11.1.0 (GCC) ]
  ignore line: [COMPILER_PATH=/usr/local/es7/libexec/gcc/x86_64-pc-linux-gnu/11.1.0/:/usr/local/es7/libexec/gcc/x86_64-pc-linux-gnu/11.1.0/:/usr/local/es7/libexec/gcc/x86_64-pc-linux-gnu/:/usr/local/es7/lib/gcc/x86_64-pc-linux-gnu/11.1.0/:/usr/local/es7/lib/gcc/x86_64-pc-linux-gnu/]
  ignore line: [LIBRARY_PATH=/usr/local/es7/lib/gcc/x86_64-pc-linux-gnu/11.1.0/:/usr/local/es7/lib/gcc/x86_64-pc-linux-gnu/11.1.0/../../../../lib64/:/lib/../lib64/:/usr/lib/../lib64/:/usr/local/es7/lib/gcc/x86_64-pc-linux-gnu/11.1.0/../../../:/lib/:/usr/lib/]
  ignore line: [COLLECT_GCC_OPTIONS='-v' '-o' 'cmTryCompileExec4085946059' '-rdynamic' '-mtune=generic' '-march=x86-64' '-dumpdir' 'cmTryCompileExec4085946059.']
  link line: [ /usr/local/es7/libexec/gcc/x86_64-pc-linux-gnu/11.1.0/collect2 -plugin /usr/local/es7/libexec/gcc/x86_64-pc-linux-gnu/11.1.0/liblto_plugin.so -plugin-opt=/usr/local/es7/libexec/gcc/x86_64-pc-linux-gnu/11.1.0/lto-wrapper -plugin-opt=-fresolution=/tmp/ccXt2wwP.res -plugin-opt=-pass-through=-lgcc -plugin-opt=-pass-through=-lgcc_s -plugin-opt=-pass-through=-lc -plugin-opt=-pass-through=-lgcc -plugin-opt=-pass-through=-lgcc_s --eh-frame-hdr -m elf_x86_64 -export-dynamic -dynamic-linker /lib64/ld-linux-x86-64.so.2 -o cmTryCompileExec4085946059 /lib/../lib64/crt1.o /lib/../lib64/crti.o /usr/local/es7/lib/gcc/x86_64-pc-linux-gnu/11.1.0/crtbegin.o -L/usr/local/es7/lib/gcc/x86_64-pc-linux-gnu/11.1.0 -L/usr/local/es7/lib/gcc/x86_64-pc-linux-gnu/11.1.0/../../../../lib64 -L/lib/../lib64 -L/usr/lib/../lib64 -L/usr/local/es7/lib/gcc/x86_64-pc-linux-gnu/11.1.0/../../.. CMakeFiles/cmTryCompileExec4085946059.dir/CMakeCCompilerABI.c.o -lgcc --as-needed -lgcc_s --no-as-needed -lc -lgcc --as-needed -lgcc_s --no-as-needed /usr/local/es7/lib/gcc/x86_64-pc-linux-gnu/11.1.0/crtend.o /lib/../lib64/crtn.o]
    arg [/usr/local/es7/libexec/gcc/x86_64-pc-linux-gnu/11.1.0/collect2] ==> ignore
    arg [-plugin] ==> ignore
    arg [/usr/local/es7/libexec/gcc/x86_64-pc-linux-gnu/11.1.0/liblto_plugin.so] ==> ignore
    arg [-plugin-opt=/usr/local/es7/libexec/gcc/x86_64-pc-linux-gnu/11.1.0/lto-wrapper] ==> ignore
    arg [-plugin-opt=-fresolution=/tmp/ccXt2wwP.res] ==> ignore
    arg [-plugin-opt=-pass-through=-lgcc] ==> ignore
    arg [-plugin-opt=-pass-through=-lgcc_s] ==> ignore
    arg [-plugin-opt=-pass-through=-lc] ==> ignore
    arg [-plugin-opt=-pass-through=-lgcc] ==> ignore
    arg [-plugin-opt=-pass-through=-lgcc_s] ==> ignore
    arg [--eh-frame-hdr] ==> ignore
    arg [-m] ==> ignore
    arg [elf_x86_64] ==> ignore
    arg [-export-dynamic] ==> ignore
    arg [-dynamic-linker] ==> ignore
    arg [/lib64/ld-linux-x86-64.so.2] ==> ignore
    arg [-o] ==> ignore
    arg [cmTryCompileExec4085946059] ==> ignore
    arg [/lib/../lib64/crt1.o] ==> ignore
    arg [/lib/../lib64/crti.o] ==> ignore
    arg [/usr/local/es7/lib/gcc/x86_64-pc-linux-gnu/11.1.0/crtbegin.o] ==> ignore
    arg [-L/usr/local/es7/lib/gcc/x86_64-pc-linux-gnu/11.1.0] ==> dir [/usr/local/es7/lib/gcc/x86_64-pc-linux-gnu/11.1.0]
    arg [-L/usr/local/es7/lib/gcc/x86_64-pc-linux-gnu/11.1.0/../../../../lib64] ==> dir [/usr/local/es7/lib/gcc/x86_64-pc-linux-gnu/11.1.0/../../../../lib64]
    arg [-L/lib/../lib64] ==> dir [/lib/../lib64]
    arg [-L/usr/lib/../lib64] ==> dir [/usr/lib/../lib64]
    arg [-L/usr/local/es7/lib/gcc/x86_64-pc-linux-gnu/11.1.0/../../..] ==> dir [/usr/local/es7/lib/gcc/x86_64-pc-linux-gnu/11.1.0/../../..]
    arg [CMakeFiles/cmTryCompileExec4085946059.dir/CMakeCCompilerABI.c.o] ==> ignore
    arg [-lgcc] ==> lib [gcc]
    arg [--as-needed] ==> ignore
    arg [-lgcc_s] ==> lib [gcc_s]
    arg [--no-as-needed] ==> ignore
    arg [-lc] ==> lib [c]
    arg [-lgcc] ==> lib [gcc]
    arg [--as-needed] ==> ignore
    arg [-lgcc_s] ==> lib [gcc_s]
    arg [--no-as-needed] ==> ignore
    arg [/usr/local/es7/lib/gcc/x86_64-pc-linux-gnu/11.1.0/crtend.o] ==> ignore
    arg [/lib/../lib64/crtn.o] ==> ignore
  remove lib [gcc]
  remove lib [gcc_s]
  remove lib [gcc]
  remove lib [gcc_s]
  collapse library dir [/usr/local/es7/lib/gcc/x86_64-pc-linux-gnu/11.1.0] ==> [/usr/local/es7/lib/gcc/x86_64-pc-linux-gnu/11.1.0]
  collapse library dir [/usr/local/es7/lib/gcc/x86_64-pc-linux-gnu/11.1.0/../../../../lib64] ==> [/usr/local/es7/lib64]
  collapse library dir [/lib/../lib64] ==> [/lib64]
  collapse library dir [/usr/lib/../lib64] ==> [/usr/lib64]
  collapse library dir [/usr/local/es7/lib/gcc/x86_64-pc-linux-gnu/11.1.0/../../..] ==> [/usr/local/es7/lib]
  implicit libs: [c]
  implicit dirs: [/usr/local/es7/lib/gcc/x86_64-pc-linux-gnu/11.1.0;/usr/local/es7/lib64;/lib64;/usr/lib64;/usr/local/es7/lib]
  implicit fwks: []


Determining if the CXX compiler works passed with the following output:
Change Dir: /tmp/tmp.aJSf6qf3mu/cmake-build-smu-genuse/CMakeFiles/CMakeTmp

Run Build Command:/usr/bin/gmake "cmTryCompileExec2585914704/fast"
/usr/bin/gmake -f CMakeFiles/cmTryCompileExec2585914704.dir/build.make CMakeFiles/cmTryCompileExec2585914704.dir/build
gmake[1]: Entering directory `/tmp/tmp.aJSf6qf3mu/cmake-build-smu-genuse/CMakeFiles/CMakeTmp'
/usr/bin/cmake -E cmake_progress_report /tmp/tmp.aJSf6qf3mu/cmake-build-smu-genuse/CMakeFiles/CMakeTmp/CMakeFiles 1
Building CXX object CMakeFiles/cmTryCompileExec2585914704.dir/testCXXCompiler.cxx.o
/usr/local/es7/bin/c++     -o CMakeFiles/cmTryCompileExec2585914704.dir/testCXXCompiler.cxx.o -c /tmp/tmp.aJSf6qf3mu/cmake-build-smu-genuse/CMakeFiles/CMakeTmp/testCXXCompiler.cxx
Linking CXX executable cmTryCompileExec2585914704
/usr/bin/cmake -E cmake_link_script CMakeFiles/cmTryCompileExec2585914704.dir/link.txt --verbose=1
/usr/local/es7/bin/c++        CMakeFiles/cmTryCompileExec2585914704.dir/testCXXCompiler.cxx.o  -o cmTryCompileExec2585914704 -rdynamic 
gmake[1]: Leaving directory `/tmp/tmp.aJSf6qf3mu/cmake-build-smu-genuse/CMakeFiles/CMakeTmp'


Detecting CXX compiler ABI info compiled with the following output:
Change Dir: /tmp/tmp.aJSf6qf3mu/cmake-build-smu-genuse/CMakeFiles/CMakeTmp

Run Build Command:/usr/bin/gmake "cmTryCompileExec2473894202/fast"
/usr/bin/gmake -f CMakeFiles/cmTryCompileExec2473894202.dir/build.make CMakeFiles/cmTryCompileExec2473894202.dir/build
gmake[1]: Entering directory `/tmp/tmp.aJSf6qf3mu/cmake-build-smu-genuse/CMakeFiles/CMakeTmp'
/usr/bin/cmake -E cmake_progress_report /tmp/tmp.aJSf6qf3mu/cmake-build-smu-genuse/CMakeFiles/CMakeTmp/CMakeFiles 1
Building CXX object CMakeFiles/cmTryCompileExec2473894202.dir/CMakeCXXCompilerABI.cpp.o
/usr/local/es7/bin/c++     -o CMakeFiles/cmTryCompileExec2473894202.dir/CMakeCXXCompilerABI.cpp.o -c /usr/share/cmake/Modules/CMakeCXXCompilerABI.cpp
Linking CXX executable cmTryCompileExec2473894202
/usr/bin/cmake -E cmake_link_script CMakeFiles/cmTryCompileExec2473894202.dir/link.txt --verbose=1
/usr/local/es7/bin/c++      -v CMakeFiles/cmTryCompileExec2473894202.dir/CMakeCXXCompilerABI.cpp.o  -o cmTryCompileExec2473894202 -rdynamic  
Using built-in specs.
COLLECT_GCC=/usr/local/es7/bin/c++
COLLECT_LTO_WRAPPER=/usr/local/es7/libexec/gcc/x86_64-pc-linux-gnu/11.1.0/lto-wrapper
Target: x86_64-pc-linux-gnu
Configured with: ../gcc-11.1.0/configure --prefix=/usr/local/es7
Thread model: posix
Supported LTO compression algorithms: zlib
gcc version 11.1.0 (GCC) 
COMPILER_PATH=/usr/local/es7/libexec/gcc/x86_64-pc-linux-gnu/11.1.0/:/usr/local/es7/libexec/gcc/x86_64-pc-linux-gnu/11.1.0/:/usr/local/es7/libexec/gcc/x86_64-pc-linux-gnu/:/usr/local/es7/lib/gcc/x86_64-pc-linux-gnu/11.1.0/:/usr/local/es7/lib/gcc/x86_64-pc-linux-gnu/
LIBRARY_PATH=/usr/local/es7/lib/gcc/x86_64-pc-linux-gnu/11.1.0/:/usr/local/es7/lib/gcc/x86_64-pc-linux-gnu/11.1.0/../../../../lib64/:/lib/../lib64/:/usr/lib/../lib64/:/usr/local/es7/lib/gcc/x86_64-pc-linux-gnu/11.1.0/../../../:/lib/:/usr/lib/
COLLECT_GCC_OPTIONS='-v' '-o' 'cmTryCompileExec2473894202' '-rdynamic' '-shared-libgcc' '-mtune=generic' '-march=x86-64' '-dumpdir' 'cmTryCompileExec2473894202.'
 /usr/local/es7/libexec/gcc/x86_64-pc-linux-gnu/11.1.0/collect2 -plugin /usr/local/es7/libexec/gcc/x86_64-pc-linux-gnu/11.1.0/liblto_plugin.so -plugin-opt=/usr/local/es7/libexec/gcc/x86_64-pc-linux-gnu/11.1.0/lto-wrapper -plugin-opt=-fresolution=/tmp/cc1o8K55.res -plugin-opt=-pass-through=-lgcc_s -plugin-opt=-pass-through=-lgcc -plugin-opt=-pass-through=-lc -plugin-opt=-pass-through=-lgcc_s -plugin-opt=-pass-through=-lgcc --eh-frame-hdr -m elf_x86_64 -export-dynamic -dynamic-linker /lib64/ld-linux-x86-64.so.2 -o cmTryCompileExec2473894202 /lib/../lib64/crt1.o /lib/../lib64/crti.o /usr/local/es7/lib/gcc/x86_64-pc-linux-gnu/11.1.0/crtbegin.o -L/usr/local/es7/lib/gcc/x86_64-pc-linux-gnu/11.1.0 -L/usr/local/es7/lib/gcc/x86_64-pc-linux-gnu/11.1.0/../../../../lib64 -L/lib/../lib64 -L/usr/lib/../lib64 -L/usr/local/es7/lib/gcc/x86_64-pc-linux-gnu/11.1.0/../../.. CMakeFiles/cmTryCompileExec2473894202.dir/CMakeCXXCompilerABI.cpp.o -lstdc++ -lm -lgcc_s -lgcc -lc -lgcc_s -lgcc /usr/local/es7/lib/gcc/x86_64-pc-linux-gnu/11.1.0/crtend.o /lib/../lib64/crtn.o
COLLECT_GCC_OPTIONS='-v' '-o' 'cmTryCompileExec2473894202' '-rdynamic' '-shared-libgcc' '-mtune=generic' '-march=x86-64' '-dumpdir' 'cmTryCompileExec2473894202.'
gmake[1]: Leaving directory `/tmp/tmp.aJSf6qf3mu/cmake-build-smu-genuse/CMakeFiles/CMakeTmp'


Parsed CXX implicit link information from above output:
  link line regex: [^( *|.*[/\])(ld|([^/\]+-)?ld|collect2)[^/\]*( |$)]
  ignore line: [Change Dir: /tmp/tmp.aJSf6qf3mu/cmake-build-smu-genuse/CMakeFiles/CMakeTmp]
  ignore line: []
  ignore line: [Run Build Command:/usr/bin/gmake "cmTryCompileExec2473894202/fast"]
  ignore line: [/usr/bin/gmake -f CMakeFiles/cmTryCompileExec2473894202.dir/build.make CMakeFiles/cmTryCompileExec2473894202.dir/build]
  ignore line: [gmake[1]: Entering directory `/tmp/tmp.aJSf6qf3mu/cmake-build-smu-genuse/CMakeFiles/CMakeTmp']
  ignore line: [/usr/bin/cmake -E cmake_progress_report /tmp/tmp.aJSf6qf3mu/cmake-build-smu-genuse/CMakeFiles/CMakeTmp/CMakeFiles 1]
  ignore line: [Building CXX object CMakeFiles/cmTryCompileExec2473894202.dir/CMakeCXXCompilerABI.cpp.o]
  ignore line: [/usr/local/es7/bin/c++     -o CMakeFiles/cmTryCompileExec2473894202.dir/CMakeCXXCompilerABI.cpp.o -c /usr/share/cmake/Modules/CMakeCXXCompilerABI.cpp]
  ignore line: [Linking CXX executable cmTryCompileExec2473894202]
  ignore line: [/usr/bin/cmake -E cmake_link_script CMakeFiles/cmTryCompileExec2473894202.dir/link.txt --verbose=1]
  ignore line: [/usr/local/es7/bin/c++      -v CMakeFiles/cmTryCompileExec2473894202.dir/CMakeCXXCompilerABI.cpp.o  -o cmTryCompileExec2473894202 -rdynamic  ]
  ignore line: [Using built-in specs.]
  ignore line: [COLLECT_GCC=/usr/local/es7/bin/c++]
  ignore line: [COLLECT_LTO_WRAPPER=/usr/local/es7/libexec/gcc/x86_64-pc-linux-gnu/11.1.0/lto-wrapper]
  ignore line: [Target: x86_64-pc-linux-gnu]
  ignore line: [Configured with: ../gcc-11.1.0/configure --prefix=/usr/local/es7]
  ignore line: [Thread model: posix]
  ignore line: [Supported LTO compression algorithms: zlib]
  ignore line: [gcc version 11.1.0 (GCC) ]
  ignore line: [COMPILER_PATH=/usr/local/es7/libexec/gcc/x86_64-pc-linux-gnu/11.1.0/:/usr/local/es7/libexec/gcc/x86_64-pc-linux-gnu/11.1.0/:/usr/local/es7/libexec/gcc/x86_64-pc-linux-gnu/:/usr/local/es7/lib/gcc/x86_64-pc-linux-gnu/11.1.0/:/usr/local/es7/lib/gcc/x86_64-pc-linux-gnu/]
  ignore line: [LIBRARY_PATH=/usr/local/es7/lib/gcc/x86_64-pc-linux-gnu/11.1.0/:/usr/local/es7/lib/gcc/x86_64-pc-linux-gnu/11.1.0/../../../../lib64/:/lib/../lib64/:/usr/lib/../lib64/:/usr/local/es7/lib/gcc/x86_64-pc-linux-gnu/11.1.0/../../../:/lib/:/usr/lib/]
  ignore line: [COLLECT_GCC_OPTIONS='-v' '-o' 'cmTryCompileExec2473894202' '-rdynamic' '-shared-libgcc' '-mtune=generic' '-march=x86-64' '-dumpdir' 'cmTryCompileExec2473894202.']
  link line: [ /usr/local/es7/libexec/gcc/x86_64-pc-linux-gnu/11.1.0/collect2 -plugin /usr/local/es7/libexec/gcc/x86_64-pc-linux-gnu/11.1.0/liblto_plugin.so -plugin-opt=/usr/local/es7/libexec/gcc/x86_64-pc-linux-gnu/11.1.0/lto-wrapper -plugin-opt=-fresolution=/tmp/cc1o8K55.res -plugin-opt=-pass-through=-lgcc_s -plugin-opt=-pass-through=-lgcc -plugin-opt=-pass-through=-lc -plugin-opt=-pass-through=-lgcc_s -plugin-opt=-pass-through=-lgcc --eh-frame-hdr -m elf_x86_64 -export-dynamic -dynamic-linker /lib64/ld-linux-x86-64.so.2 -o cmTryCompileExec2473894202 /lib/../lib64/crt1.o /lib/../lib64/crti.o /usr/local/es7/lib/gcc/x86_64-pc-linux-gnu/11.1.0/crtbegin.o -L/usr/local/es7/lib/gcc/x86_64-pc-linux-gnu/11.1.0 -L/usr/local/es7/lib/gcc/x86_64-pc-linux-gnu/11.1.0/../../../../lib64 -L/lib/../lib64 -L/usr/lib/../lib64 -L/usr/local/es7/lib/gcc/x86_64-pc-linux-gnu/11.1.0/../../.. CMakeFiles/cmTryCompileExec2473894202.dir/CMakeCXXCompilerABI.cpp.o -lstdc++ -lm -lgcc_s -lgcc -lc -lgcc_s -lgcc /usr/local/es7/lib/gcc/x86_64-pc-linux-gnu/11.1.0/crtend.o /lib/../lib64/crtn.o]
    arg [/usr/local/es7/libexec/gcc/x86_64-pc-linux-gnu/11.1.0/collect2] ==> ignore
    arg [-plugin] ==> ignore
    arg [/usr/local/es7/libexec/gcc/x86_64-pc-linux-gnu/11.1.0/liblto_plugin.so] ==> ignore
    arg [-plugin-opt=/usr/local/es7/libexec/gcc/x86_64-pc-linux-gnu/11.1.0/lto-wrapper] ==> ignore
    arg [-plugin-opt=-fresolution=/tmp/cc1o8K55.res] ==> ignore
    arg [-plugin-opt=-pass-through=-lgcc_s] ==> ignore
    arg [-plugin-opt=-pass-through=-lgcc] ==> ignore
    arg [-plugin-opt=-pass-through=-lc] ==> ignore
    arg [-plugin-opt=-pass-through=-lgcc_s] ==> ignore
    arg [-plugin-opt=-pass-through=-lgcc] ==> ignore
    arg [--eh-frame-hdr] ==> ignore
    arg [-m] ==> ignore
    arg [elf_x86_64] ==> ignore
    arg [-export-dynamic] ==> ignore
    arg [-dynamic-linker] ==> ignore
    arg [/lib64/ld-linux-x86-64.so.2] ==> ignore
    arg [-o] ==> ignore
    arg [cmTryCompileExec2473894202] ==> ignore
    arg [/lib/../lib64/crt1.o] ==> ignore
    arg [/lib/../lib64/crti.o] ==> ignore
    arg [/usr/local/es7/lib/gcc/x86_64-pc-linux-gnu/11.1.0/crtbegin.o] ==> ignore
    arg [-L/usr/local/es7/lib/gcc/x86_64-pc-linux-gnu/11.1.0] ==> dir [/usr/local/es7/lib/gcc/x86_64-pc-linux-gnu/11.1.0]
    arg [-L/usr/local/es7/lib/gcc/x86_64-pc-linux-gnu/11.1.0/../../../../lib64] ==> dir [/usr/local/es7/lib/gcc/x86_64-pc-linux-gnu/11.1.0/../../../../lib64]
    arg [-L/lib/../lib64] ==> dir [/lib/../lib64]
    arg [-L/usr/lib/../lib64] ==> dir [/usr/lib/../lib64]
    arg [-L/usr/local/es7/lib/gcc/x86_64-pc-linux-gnu/11.1.0/../../..] ==> dir [/usr/local/es7/lib/gcc/x86_64-pc-linux-gnu/11.1.0/../../..]
    arg [CMakeFiles/cmTryCompileExec2473894202.dir/CMakeCXXCompilerABI.cpp.o] ==> ignore
    arg [-lstdc++] ==> lib [stdc++]
    arg [-lm] ==> lib [m]
    arg [-lgcc_s] ==> lib [gcc_s]
    arg [-lgcc] ==> lib [gcc]
    arg [-lc] ==> lib [c]
    arg [-lgcc_s] ==> lib [gcc_s]
    arg [-lgcc] ==> lib [gcc]
    arg [/usr/local/es7/lib/gcc/x86_64-pc-linux-gnu/11.1.0/crtend.o] ==> ignore
    arg [/lib/../lib64/crtn.o] ==> ignore
  remove lib [gcc_s]
  remove lib [gcc]
  remove lib [gcc_s]
  remove lib [gcc]
  collapse library dir [/usr/local/es7/lib/gcc/x86_64-pc-linux-gnu/11.1.0] ==> [/usr/local/es7/lib/gcc/x86_64-pc-linux-gnu/11.1.0]
  collapse library dir [/usr/local/es7/lib/gcc/x86_64-pc-linux-gnu/11.1.0/../../../../lib64] ==> [/usr/local/es7/lib64]
  collapse library dir [/lib/../lib64] ==> [/lib64]
  collapse library dir [/usr/lib/../lib64] ==> [/usr/lib64]
  collapse library dir [/usr/local/es7/lib/gcc/x86_64-pc-linux-gnu/11.1.0/../../..] ==> [/usr/local/es7/lib]
  implicit libs: [stdc++;m;c]
  implicit dirs: [/usr/local/es7/lib/gcc/x86_64-pc-linux-gnu/11.1.0;/usr/local/es7/lib64;/lib64;/usr/lib64;/usr/local/es7/lib]
  implicit fwks: []


